Change Component Designator: OldDesignator=   NewDesignator=R18
Change Component Designator: OldDesignator= NewDesignator=SW?
Added Component: Designator=LED?(150505M173300)
Add component (AddParameter): Name = "Arrow Part Number"; Value = ""; VariantName = "[No Variations]"
Add component (AddParameter): Name = "Arrow Price/Stock"; Value = ""; VariantName = "[No Variations]"
Add component (AddParameter): Name = "Datasheet Link"; Value = "https://katalog.we-online.de/led/datasheet/150505M173300.pdf"; VariantName = "[No Variations]"
Add component (AddParameter): Name = "Height"; Value = "1.8mm"; VariantName = "[No Variations]"
Add component (AddParameter): Name = "Manufacturer_Name"; Value = "Wurth Elektronik"; VariantName = "[No Variations]"
Add component (AddParameter): Name = "Manufacturer_Part_Number"; Value = "150505M173300"; VariantName = "[No Variations]"
Add component (AddParameter): Name = "Mouser Part Number"; Value = "710-150505M173300"; VariantName = "[No Variations]"
Add component (AddParameter): Name = "Mouser Price/Stock"; Value = "https://www.mouser.co.uk/ProductDetail/Wurth-Elektronik/150505M173300?qs=fAHHVMwC%252Bbi%2FURn4Qu0%2FAA%3D%3D"; VariantName = "[No Variations]"
Add component (AddParameter): Name = "Mouser Testing Part Number"; Value = ""; VariantName = "[No Variations]"
Add component (AddParameter): Name = "Mouser Testing Price/Stock"; Value = ""; VariantName = "[No Variations]"
Added Component: Designator=LED?(150505M173300)
Add component (AddParameter): Name = "Arrow Part Number"; Value = ""; VariantName = "[No Variations]"
Add component (AddParameter): Name = "Arrow Price/Stock"; Value = ""; VariantName = "[No Variations]"
Add component (AddParameter): Name = "Datasheet Link"; Value = "https://katalog.we-online.de/led/datasheet/150505M173300.pdf"; VariantName = "[No Variations]"
Add component (AddParameter): Name = "Height"; Value = "1.8mm"; VariantName = "[No Variations]"
Add component (AddParameter): Name = "Manufacturer_Name"; Value = "Wurth Elektronik"; VariantName = "[No Variations]"
Add component (AddParameter): Name = "Manufacturer_Part_Number"; Value = "150505M173300"; VariantName = "[No Variations]"
Add component (AddParameter): Name = "Mouser Part Number"; Value = "710-150505M173300"; VariantName = "[No Variations]"
Add component (AddParameter): Name = "Mouser Price/Stock"; Value = "https://www.mouser.co.uk/ProductDetail/Wurth-Elektronik/150505M173300?qs=fAHHVMwC%252Bbi%2FURn4Qu0%2FAA%3D%3D"; VariantName = "[No Variations]"
Add component (AddParameter): Name = "Mouser Testing Part Number"; Value = ""; VariantName = "[No Variations]"
Add component (AddParameter): Name = "Mouser Testing Price/Stock"; Value = ""; VariantName = "[No Variations]"
Add Component: Footprint Not Found RES 0603_1608
Add Component: Footprint Not Found RES 0603_1608
Add Component: Footprint Not Found RES 0603_1608
Add Component: Footprint Not Found RES 0603_1608
Add Component: Footprint Not Found RES 0603_1608
Add Component: Footprint Not Found RES 0603_1608
Added Pin To Net: NetName=GND Pin=LED?-2
Added Pin To Net: NetName=GND Pin=LED?-2
Added Pin To Net: NetName=GND Pin=LED?-4
Added Pin To Net: NetName=GND Pin=LED?-4
Added Pin To Net: NetName=GND Pin=LED?-6
Added Pin To Net: NetName=GND Pin=LED?-6
Added Pin To Net: NetName=NetR1_1 Pin=R10-1
Added Pin To Net: NetName=NetR1_1 Pin=R12-1
Add Pin To Net: Unknown Pin: Pin R?-1
Add Pin To Net: Unknown Pin: Pin R?-1
Add Pin To Net: Unknown Pin: Pin R?-1
Add Pin To Net: Unknown Pin: Pin R?-1
Add Pin To Net: Unknown Pin: Pin R?-1
Add Pin To Net: Unknown Pin: Pin R?-1
Added Pin To Net: NetName=NetLED?_1 Pin=LED?-1
Added Net: Name=NetLED?_1
Add Net: Net with name "NetLED?_1" already exists
Added Pin To Net: NetName=NetLED?_3 Pin=LED?-3
Added Net: Name=NetLED?_3
Add Net: Net with name "NetLED?_3" already exists
Added Pin To Net: NetName=NetLED?_5 Pin=LED?-5
Added Net: Name=NetLED?_5
Add Net: Net with name "NetLED?_5" already exists
Added Member To Class: ClassName=PCD-disc-schematic Member=Component LED? 150505M173300
Added Member To Class: ClassName=PCD-disc-schematic Member=Component LED? 150505M173300
Add Class Member: Failed to add class member : Component R? 240 Ohms
Add Class Member: Failed to add class member : Component R? 200 Ohms
Add Class Member: Failed to add class member : Component R? 200 Ohms
Add Class Member: Failed to add class member : Component R? 200 Ohms
Add Class Member: Failed to add class member : Component R? 200 Ohms
Add Class Member: Failed to add class member : Component R? 240 Ohms
Added Room: Name=PCD-disc-schematic
